[49148:27395:1213/232821.288786:ERROR:chrome_browser_main_extra_parts_metrics.cc(226)] crbug.com/1216328: Checking Bluetooth availability started. Please report if there is no report that this ends.
[49148:27395:1213/232821.291524:ERROR:chrome_browser_main_extra_parts_metrics.cc(229)] crbug.com/1216328: Checking Bluetooth availability ended.
[49148:27395:1213/232821.291558:ERROR:chrome_browser_main_extra_parts_metrics.cc(232)] crbug.com/1216328: Checking default browser status started. Please report if there is no report that this ends.
[49148:27395:1213/232821.292216:ERROR:chrome_browser_main_extra_parts_metrics.cc(236)] crbug.com/1216328: Checking default browser status ended.
[49148:81723:1214/082053.976632:WARNING:dns_config_service_posix.cc(197)] Failed to read DnsConfig.
[49148:81723:1214/082144.047188:WARNING:dns_config_service_posix.cc(197)] Failed to read DnsConfig.
[49148:81723:1214/082405.557692:WARNING:dns_config_service_posix.cc(197)] Failed to read DnsConfig.
[49148:121491:1214/085747.045783:WARNING:dns_config_service_posix.cc(197)] Failed to read DnsConfig.
[49148:27439:1214/090453.723305:WARNING:dns_config_service_posix.cc(197)] Failed to read DnsConfig.
[49148:27439:1214/090454.424972:WARNING:dns_config_service_posix.cc(197)] Failed to read DnsConfig.
[49148:53027:1214/093943.840347:WARNING:dns_config_service_posix.cc(197)] Failed to read DnsConfig.
[49148:56107:1214/093946.378690:WARNING:dns_config_service_posix.cc(197)] Failed to read DnsConfig.
[49148:56107:1214/094014.952556:WARNING:dns_config_service_posix.cc(197)] Failed to read DnsConfig.
[49148:56107:1214/094015.671852:WARNING:dns_config_service_posix.cc(197)] Failed to read DnsConfig.
[49148:56107:1214/094533.198804:WARNING:dns_config_service_posix.cc(197)] Failed to read DnsConfig.
[49148:56107:1214/094534.894269:WARNING:dns_config_service_posix.cc(197)] Failed to read DnsConfig.
[49148:259:1214/100648.063097:INFO:CONSOLE(0)] "Slow network is detected. See https://www.chromestatus.com/feature/5636954674692096 for more details. Fallback font will be used while loading: chrome://resources/roboto/roboto-regular.woff2", source: chrome://new-tab-page/ (0)
[49148:136379:1214/103137.743036:WARNING:dns_config_service_posix.cc(197)] Failed to read DnsConfig.
[49148:22079:1214/103138.972652:WARNING:dns_config_service_posix.cc(197)] Failed to read DnsConfig.
[49148:136379:1214/103253.893615:WARNING:dns_config_service_posix.cc(197)] Failed to read DnsConfig.
[49148:136379:1214/103255.290429:WARNING:dns_config_service_posix.cc(197)] Failed to read DnsConfig.
[49148:167983:1214/104511.263356:WARNING:dns_config_service_posix.cc(197)] Failed to read DnsConfig.
[49148:167983:1214/104512.570234:WARNING:dns_config_service_posix.cc(197)] Failed to read DnsConfig.
[49148:167983:1214/111521.794211:WARNING:dns_config_service_posix.cc(197)] Failed to read DnsConfig.
[49148:167983:1214/111522.421412:WARNING:dns_config_service_posix.cc(197)] Failed to read DnsConfig.
[49148:66219:1214/120155.230846:WARNING:dns_config_service_posix.cc(197)] Failed to read DnsConfig.
[49148:168039:1214/120155.953619:WARNING:dns_config_service_posix.cc(197)] Failed to read DnsConfig.
[49148:168039:1214/122243.548898:WARNING:dns_config_service_posix.cc(197)] Failed to read DnsConfig.
[49148:95147:1214/122245.036112:WARNING:dns_config_service_posix.cc(197)] Failed to read DnsConfig.
[49148:168039:1214/124731.963875:WARNING:dns_config_service_posix.cc(197)] Failed to read DnsConfig.
[49148:168039:1214/124736.391356:WARNING:dns_config_service_posix.cc(197)] Failed to read DnsConfig.
[49148:168039:1214/124848.013035:WARNING:dns_config_service_posix.cc(197)] Failed to read DnsConfig.
[49148:168039:1214/124849.092647:WARNING:dns_config_service_posix.cc(197)] Failed to read DnsConfig.
[49148:168039:1214/140612.052257:WARNING:dns_config_service_posix.cc(197)] Failed to read DnsConfig.
[49148:168039:1214/140612.630092:WARNING:dns_config_service_posix.cc(197)] Failed to read DnsConfig.
[49148:28683:1214/152122.616392:WARNING:dns_config_service_posix.cc(197)] Failed to read DnsConfig.
[49148:28683:1214/152123.379070:WARNING:dns_config_service_posix.cc(197)] Failed to read DnsConfig.
[49148:28683:1214/154926.496712:WARNING:dns_config_service_posix.cc(197)] Failed to read DnsConfig.
[49148:28683:1214/154927.277629:WARNING:dns_config_service_posix.cc(197)] Failed to read DnsConfig.
[49148:72063:1214/160345.330267:WARNING:dns_config_service_posix.cc(197)] Failed to read DnsConfig.
[49148:72063:1214/160345.729971:WARNING:dns_config_service_posix.cc(197)] Failed to read DnsConfig.
[49148:72063:1214/170552.148395:WARNING:dns_config_service_posix.cc(197)] Failed to read DnsConfig.
[49148:72063:1214/170554.165072:WARNING:dns_config_service_posix.cc(197)] Failed to read DnsConfig.
